app/build/intermediates/manifest_merge_blame_file/release/manifest-merger-blame-release-report.txt
1<?xml version="1.0" encoding="utf-8"?>
2<manifest xmlns:android="http://schemas.android.com/apk/res/android"
3    package="com.revolution.ai"
4    android:versionCode="1"
5    android:versionName="1.0" >
6
7    <uses-sdk
8        android:minSdkVersion="26"
9        android:targetSdkVersion="34" />
10
11    <!-- Internet & Network -->
12    <uses-permission android:name="android.permission.INTERNET" />
12-->src/main/AndroidManifest.xml:6:5-67
12-->src/main/AndroidManifest.xml:6:22-64
13    <uses-permission android:name="android.permission.ACCESS_NETWORK_STATE" />
13-->src/main/AndroidManifest.xml:7:5-79
13-->src/main/AndroidManifest.xml:7:22-76
14    <uses-permission android:name="android.permission.CHANGE_NETWORK_STATE" />
14-->src/main/AndroidManifest.xml:8:5-79
14-->src/main/AndroidManifest.xml:8:22-76
15    <uses-permission android:name="android.permission.ACCESS_WIFI_STATE" />
15-->src/main/AndroidManifest.xml:9:5-76
15-->src/main/AndroidManifest.xml:9:22-73
16    <uses-permission android:name="android.permission.CHANGE_WIFI_STATE" />
16-->src/main/AndroidManifest.xml:10:5-76
16-->src/main/AndroidManifest.xml:10:22-73
17
18    <!-- Audio & Speech -->
19    <uses-permission android:name="android.permission.RECORD_AUDIO" />
19-->src/main/AndroidManifest.xml:13:5-71
19-->src/main/AndroidManifest.xml:13:22-68
20    <uses-permission android:name="android.permission.MODIFY_AUDIO_SETTINGS" />
20-->src/main/AndroidManifest.xml:14:5-80
20-->src/main/AndroidManifest.xml:14:22-77
21
22    <!-- Phone & Contacts -->
23    <uses-permission android:name="android.permission.CALL_PHONE" />
23-->src/main/AndroidManifest.xml:17:5-69
23-->src/main/AndroidManifest.xml:17:22-66
24    <uses-permission android:name="android.permission.READ_PHONE_STATE" />
24-->src/main/AndroidManifest.xml:18:5-75
24-->src/main/AndroidManifest.xml:18:22-72
25    <uses-permission android:name="android.permission.READ_CONTACTS" />
25-->src/main/AndroidManifest.xml:19:5-72
25-->src/main/AndroidManifest.xml:19:22-69
26    <uses-permission android:name="android.permission.WRITE_CONTACTS" />
26-->src/main/AndroidManifest.xml:20:5-73
26-->src/main/AndroidManifest.xml:20:22-70
27    <uses-permission android:name="android.permission.SEND_SMS" />
27-->src/main/AndroidManifest.xml:21:5-67
27-->src/main/AndroidManifest.xml:21:22-64
28    <uses-permission android:name="android.permission.READ_SMS" />
28-->src/main/AndroidManifest.xml:22:5-67
28-->src/main/AndroidManifest.xml:22:22-64
29    <uses-permission android:name="android.permission.RECEIVE_SMS" />
29-->src/main/AndroidManifest.xml:23:5-70
29-->src/main/AndroidManifest.xml:23:22-67
30
31    <!-- Notifications -->
32    <uses-permission android:name="android.permission.POST_NOTIFICATIONS" />
32-->src/main/AndroidManifest.xml:26:5-77
32-->src/main/AndroidManifest.xml:26:22-74
33    <uses-permission android:name="android.permission.BIND_NOTIFICATION_LISTENER_SERVICE" />
33-->src/main/AndroidManifest.xml:27:5-28:47
33-->src/main/AndroidManifest.xml:27:22-90
34
35    <!-- Location -->
36    <uses-permission android:name="android.permission.ACCESS_FINE_LOCATION" />
36-->src/main/AndroidManifest.xml:31:5-79
36-->src/main/AndroidManifest.xml:31:22-76
37    <uses-permission android:name="android.permission.ACCESS_COARSE_LOCATION" />
37-->src/main/AndroidManifest.xml:32:5-81
37-->src/main/AndroidManifest.xml:32:22-78
38    <uses-permission android:name="android.permission.ACCESS_BACKGROUND_LOCATION" />
38-->src/main/AndroidManifest.xml:33:5-85
38-->src/main/AndroidManifest.xml:33:22-82
39
40    <!-- Camera -->
41    <uses-permission android:name="android.permission.CAMERA" />
41-->src/main/AndroidManifest.xml:36:5-65
41-->src/main/AndroidManifest.xml:36:22-62
42
43    <!-- Storage -->
44    <uses-permission android:name="android.permission.READ_EXTERNAL_STORAGE" />
44-->src/main/AndroidManifest.xml:39:5-80
44-->src/main/AndroidManifest.xml:39:22-77
45    <uses-permission android:name="android.permission.WRITE_EXTERNAL_STORAGE" />
45-->src/main/AndroidManifest.xml:40:5-41:40
45-->src/main/AndroidManifest.xml:40:22-78
46    <uses-permission android:name="android.permission.READ_MEDIA_IMAGES" />
46-->src/main/AndroidManifest.xml:42:5-76
46-->src/main/AndroidManifest.xml:42:22-73
47    <uses-permission android:name="android.permission.READ_MEDIA_VIDEO" />
47-->src/main/AndroidManifest.xml:43:5-75
47-->src/main/AndroidManifest.xml:43:22-72
48    <uses-permission android:name="android.permission.READ_MEDIA_AUDIO" />
48-->src/main/AndroidManifest.xml:44:5-75
48-->src/main/AndroidManifest.xml:44:22-72
49
50    <!-- Bluetooth -->
51    <uses-permission android:name="android.permission.BLUETOOTH" />
51-->src/main/AndroidManifest.xml:47:5-68
51-->src/main/AndroidManifest.xml:47:22-65
52    <uses-permission android:name="android.permission.BLUETOOTH_ADMIN" />
52-->src/main/AndroidManifest.xml:48:5-74
52-->src/main/AndroidManifest.xml:48:22-71
53    <uses-permission android:name="android.permission.BLUETOOTH_CONNECT" />
53-->src/main/AndroidManifest.xml:49:5-76
53-->src/main/AndroidManifest.xml:49:22-73
54    <uses-permission android:name="android.permission.BLUETOOTH_SCAN" />
54-->src/main/AndroidManifest.xml:50:5-73
54-->src/main/AndroidManifest.xml:50:22-70
55
56    <!-- Settings -->
57    <uses-permission android:name="android.permission.WRITE_SETTINGS" />
57-->src/main/AndroidManifest.xml:53:5-54:47
57-->src/main/AndroidManifest.xml:53:22-70
58    <uses-permission android:name="android.permission.WRITE_SECURE_SETTINGS" />
58-->src/main/AndroidManifest.xml:55:5-56:47
58-->src/main/AndroidManifest.xml:55:22-77
59
60    <!-- Alarm -->
61    <uses-permission android:name="android.permission.SET_ALARM" />
61-->src/main/AndroidManifest.xml:59:5-68
61-->src/main/AndroidManifest.xml:59:22-65
62    <uses-permission android:name="android.permission.SCHEDULE_EXACT_ALARM" />
62-->src/main/AndroidManifest.xml:60:5-79
62-->src/main/AndroidManifest.xml:60:22-76
63
64    <!-- Foreground Service -->
65    <uses-permission android:name="android.permission.FOREGROUND_SERVICE" />
65-->src/main/AndroidManifest.xml:63:5-77
65-->src/main/AndroidManifest.xml:63:22-74
66    <uses-permission android:name="android.permission.FOREGROUND_SERVICE_MICROPHONE" />
66-->src/main/AndroidManifest.xml:64:5-88
66-->src/main/AndroidManifest.xml:64:22-85
67    <uses-permission android:name="android.permission.WAKE_LOCK" />
67-->src/main/AndroidManifest.xml:65:5-68
67-->src/main/AndroidManifest.xml:65:22-65
68    <uses-permission android:name="android.permission.RECEIVE_BOOT_COMPLETED" />
68-->src/main/AndroidManifest.xml:66:5-81
68-->src/main/AndroidManifest.xml:66:22-78
69
70    <!-- Package query -->
71    <uses-permission android:name="android.permission.QUERY_ALL_PACKAGES" />
71-->src/main/AndroidManifest.xml:69:5-70:53
71-->src/main/AndroidManifest.xml:69:22-74
72
73    <uses-feature
73-->src/main/AndroidManifest.xml:72:5-85
74        android:name="android.hardware.camera"
74-->src/main/AndroidManifest.xml:72:19-57
75        android:required="false" />
75-->src/main/AndroidManifest.xml:72:58-82
76    <uses-feature
76-->src/main/AndroidManifest.xml:73:5-88
77        android:name="android.hardware.telephony"
77-->src/main/AndroidManifest.xml:73:19-60
78        android:required="false" />
78-->src/main/AndroidManifest.xml:73:61-85
79    <uses-feature
79-->src/main/AndroidManifest.xml:74:5-88
80        android:name="android.hardware.microphone"
80-->src/main/AndroidManifest.xml:74:19-61
81        android:required="true" />
81-->src/main/AndroidManifest.xml:74:62-85
82
83    <permission
83-->[androidx.core:core:1.12.0] AndroidManifest.xml:22:5-24:47
84        android:name="com.revolution.ai.DYNAMIC_RECEIVER_NOT_EXPORTED_PERMISSION"
84-->[androidx.core:core:1.12.0] AndroidManifest.xml:23:9-81
85        android:protectionLevel="signature" />
85-->[androidx.core:core:1.12.0] AndroidManifest.xml:24:9-44
86
87    <uses-permission android:name="com.revolution.ai.DYNAMIC_RECEIVER_NOT_EXPORTED_PERMISSION" />
87-->[androidx.core:core:1.12.0] AndroidManifest.xml:26:5-97
87-->[androidx.core:core:1.12.0] AndroidManifest.xml:26:22-94
88
89    <application
89-->src/main/AndroidManifest.xml:76:5-134:19
90        android:name="com.revolution.ai.RevolutionApp"
90-->src/main/AndroidManifest.xml:77:9-38
91        android:allowBackup="true"
91-->src/main/AndroidManifest.xml:78:9-35
92        android:appComponentFactory="androidx.core.app.CoreComponentFactory"
92-->[androidx.core:core:1.12.0] AndroidManifest.xml:28:18-86
93        android:extractNativeLibs="false"
94        android:icon="@mipmap/ic_launcher"
94-->src/main/AndroidManifest.xml:79:9-43
95        android:label="Revolution"
95-->src/main/AndroidManifest.xml:80:9-35
96        android:roundIcon="@mipmap/ic_launcher"
96-->src/main/AndroidManifest.xml:81:9-48
97        android:supportsRtl="true"
97-->src/main/AndroidManifest.xml:82:9-35
98        android:theme="@android:style/Theme.Material.Light.NoActionBar"
98-->src/main/AndroidManifest.xml:83:9-72
99        android:usesCleartextTraffic="true" >
99-->src/main/AndroidManifest.xml:84:9-44
100        <activity
100-->src/main/AndroidManifest.xml:87:9-96:20
101            android:name="com.revolution.ai.ui.MainActivity"
101-->src/main/AndroidManifest.xml:88:13-44
102            android:exported="true"
102-->src/main/AndroidManifest.xml:89:13-36
103            android:launchMode="singleTop"
103-->src/main/AndroidManifest.xml:90:13-43
104            android:windowSoftInputMode="adjustResize" >
104-->src/main/AndroidManifest.xml:91:13-55
105            <intent-filter>
105-->src/main/AndroidManifest.xml:92:13-95:29
106                <action android:name="android.intent.action.MAIN" />
106-->src/main/AndroidManifest.xml:93:17-69
106-->src/main/AndroidManifest.xml:93:25-66
107
108                <category android:name="android.intent.category.LAUNCHER" />
108-->src/main/AndroidManifest.xml:94:17-77
108-->src/main/AndroidManifest.xml:94:27-74
109            </intent-filter>
110        </activity>
111
112        <service
112-->src/main/AndroidManifest.xml:98:9-101:58
113            android:name="com.revolution.ai.service.VoiceAssistantService"
113-->src/main/AndroidManifest.xml:99:13-58
114            android:exported="false"
114-->src/main/AndroidManifest.xml:100:13-37
115            android:foregroundServiceType="microphone" />
115-->src/main/AndroidManifest.xml:101:13-55
116        <service
116-->src/main/AndroidManifest.xml:103:9-110:19
117            android:name="com.revolution.ai.service.NotificationListenerService"
117-->src/main/AndroidManifest.xml:104:13-64
118            android:exported="true"
118-->src/main/AndroidManifest.xml:105:13-36
119            android:permission="android.permission.BIND_NOTIFICATION_LISTENER_SERVICE" >
119-->src/main/AndroidManifest.xml:106:13-87
120            <intent-filter>
120-->src/main/AndroidManifest.xml:107:13-109:29
121                <action android:name="android.service.notification.NotificationListenerService" />
121-->src/main/AndroidManifest.xml:108:17-99
121-->src/main/AndroidManifest.xml:108:25-96
122            </intent-filter>
123        </service>
124
125        <receiver
125-->src/main/AndroidManifest.xml:112:9-118:20
126            android:name="com.revolution.ai.receiver.BootReceiver"
126-->src/main/AndroidManifest.xml:113:13-50
127            android:exported="true" >
127-->src/main/AndroidManifest.xml:114:13-36
128            <intent-filter>
128-->src/main/AndroidManifest.xml:115:13-117:29
129                <action android:name="android.intent.action.BOOT_COMPLETED" />
129-->src/main/AndroidManifest.xml:116:17-79
129-->src/main/AndroidManifest.xml:116:25-76
130            </intent-filter>
131        </receiver>
132        <receiver
132-->src/main/AndroidManifest.xml:120:9-122:40
133            android:name="com.revolution.ai.receiver.AlarmReceiver"
133-->src/main/AndroidManifest.xml:121:13-51
134            android:exported="false" />
134-->src/main/AndroidManifest.xml:122:13-37
135
136        <provider
137            android:name="androidx.core.content.FileProvider"
137-->src/main/AndroidManifest.xml:125:13-62
138            android:authorities="com.revolution.ai.fileprovider"
138-->src/main/AndroidManifest.xml:126:13-64
139            android:exported="false"
139-->src/main/AndroidManifest.xml:127:13-37
140            android:grantUriPermissions="true" >
140-->src/main/AndroidManifest.xml:128:13-47
141            <meta-data
141-->src/main/AndroidManifest.xml:129:13-131:54
142                android:name="android.support.FILE_PROVIDER_PATHS"
142-->src/main/AndroidManifest.xml:130:17-67
143                android:resource="@xml/file_paths" />
143-->src/main/AndroidManifest.xml:131:17-51
144        </provider>
145
146        <service
146-->[androidx.camera:camera-camera2:1.3.1] AndroidManifest.xml:24:9-33:19
147            android:name="androidx.camera.core.impl.MetadataHolderService"
147-->[androidx.camera:camera-camera2:1.3.1] AndroidManifest.xml:25:13-75
148            android:enabled="false"
148-->[androidx.camera:camera-camera2:1.3.1] AndroidManifest.xml:26:13-36
149            android:exported="false" >
149-->[androidx.camera:camera-camera2:1.3.1] AndroidManifest.xml:27:13-37
150            <meta-data
150-->[androidx.camera:camera-camera2:1.3.1] AndroidManifest.xml:30:13-32:89
151                android:name="androidx.camera.core.impl.MetadataHolderService.DEFAULT_CONFIG_PROVIDER"
151-->[androidx.camera:camera-camera2:1.3.1] AndroidManifest.xml:31:17-103
152                android:value="androidx.camera.camera2.Camera2Config$DefaultProvider" />
152-->[androidx.camera:camera-camera2:1.3.1] AndroidManifest.xml:32:17-86
153        </service>
154
155        <provider
155-->[androidx.work:work-runtime:2.9.0] AndroidManifest.xml:29:9-37:20
156            android:name="androidx.startup.InitializationProvider"
156-->[androidx.work:work-runtime:2.9.0] AndroidManifest.xml:30:13-67
157            android:authorities="com.revolution.ai.androidx-startup"
157-->[androidx.work:work-runtime:2.9.0] AndroidManifest.xml:31:13-68
158            android:exported="false" >
158-->[androidx.work:work-runtime:2.9.0] AndroidManifest.xml:32:13-37
159            <meta-data
159-->[androidx.work:work-runtime:2.9.0] AndroidManifest.xml:34:13-36:52
160                android:name="androidx.work.WorkManagerInitializer"
160-->[androidx.work:work-runtime:2.9.0] AndroidManifest.xml:35:17-68
161                android:value="androidx.startup" />
161-->[androidx.work:work-runtime:2.9.0] AndroidManifest.xml:36:17-49
162            <meta-data
162-->[androidx.emoji2:emoji2:1.3.0] AndroidManifest.xml:29:13-31:52
163                android:name="androidx.emoji2.text.EmojiCompatInitializer"
163-->[androidx.emoji2:emoji2:1.3.0] AndroidManifest.xml:30:17-75
164                android:value="androidx.startup" />
164-->[androidx.emoji2:emoji2:1.3.0] AndroidManifest.xml:31:17-49
165            <meta-data
165-->[androidx.lifecycle:lifecycle-process:2.7.0] AndroidManifest.xml:29:13-31:52
166                android:name="androidx.lifecycle.ProcessLifecycleInitializer"
166-->[androidx.lifecycle:lifecycle-process:2.7.0] AndroidManifest.xml:30:17-78
167                android:value="androidx.startup" />
167-->[androidx.lifecycle:lifecycle-process:2.7.0] AndroidManifest.xml:31:17-49
168            <meta-data
168-->[androidx.profileinstaller:profileinstaller:1.3.0] AndroidManifest.xml:29:13-31:52
169                android:name="androidx.profileinstaller.ProfileInstallerInitializer"
169-->[androidx.profileinstaller:profileinstaller:1.3.0] AndroidManifest.xml:30:17-85
170                android:value="androidx.startup" />
170-->[androidx.profileinstaller:profileinstaller:1.3.0] AndroidManifest.xml:31:17-49
171        </provider>
172
173        <service
173-->[androidx.work:work-runtime:2.9.0] AndroidManifest.xml:39:9-45:35
174            android:name="androidx.work.impl.background.systemalarm.SystemAlarmService"
174-->[androidx.work:work-runtime:2.9.0] AndroidManifest.xml:40:13-88
175            android:directBootAware="false"
175-->[androidx.work:work-runtime:2.9.0] AndroidManifest.xml:41:13-44
176            android:enabled="@bool/enable_system_alarm_service_default"
176-->[androidx.work:work-runtime:2.9.0] AndroidManifest.xml:42:13-72
177            android:exported="false" />
177-->[androidx.work:work-runtime:2.9.0] AndroidManifest.xml:43:13-37
178        <service
178-->[androidx.work:work-runtime:2.9.0] AndroidManifest.xml:46:9-52:35
179            android:name="androidx.work.impl.background.systemjob.SystemJobService"
179-->[androidx.work:work-runtime:2.9.0] AndroidManifest.xml:47:13-84
180            android:directBootAware="false"
180-->[androidx.work:work-runtime:2.9.0] AndroidManifest.xml:48:13-44
181            android:enabled="@bool/enable_system_job_service_default"
181-->[androidx.work:work-runtime:2.9.0] AndroidManifest.xml:49:13-70
182            android:exported="true"
182-->[androidx.work:work-runtime:2.9.0] AndroidManifest.xml:50:13-36
183            android:permission="android.permission.BIND_JOB_SERVICE" />
183-->[androidx.work:work-runtime:2.9.0] AndroidManifest.xml:51:13-69
184        <service
184-->[androidx.work:work-runtime:2.9.0] AndroidManifest.xml:53:9-59:35
185            android:name="androidx.work.impl.foreground.SystemForegroundService"
185-->[androidx.work:work-runtime:2.9.0] AndroidManifest.xml:54:13-81
186            android:directBootAware="false"
186-->[androidx.work:work-runtime:2.9.0] AndroidManifest.xml:55:13-44
187            android:enabled="@bool/enable_system_foreground_service_default"
187-->[androidx.work:work-runtime:2.9.0] AndroidManifest.xml:56:13-77
188            android:exported="false" />
188-->[androidx.work:work-runtime:2.9.0] AndroidManifest.xml:57:13-37
189
190        <receiver
190-->[androidx.work:work-runtime:2.9.0] AndroidManifest.xml:61:9-66:35
191            android:name="androidx.work.impl.utils.ForceStopRunnable$BroadcastReceiver"
191-->[androidx.work:work-runtime:2.9.0] AndroidManifest.xml:62:13-88
192            android:directBootAware="false"
192-->[androidx.work:work-runtime:2.9.0] AndroidManifest.xml:63:13-44
193            android:enabled="true"
193-->[androidx.work:work-runtime:2.9.0] AndroidManifest.xml:64:13-35
194            android:exported="false" />
194-->[androidx.work:work-runtime:2.9.0] AndroidManifest.xml:65:13-37
195        <receiver
195-->[androidx.work:work-runtime:2.9.0] AndroidManifest.xml:67:9-77:20
196            android:name="androidx.work.impl.background.systemalarm.ConstraintProxy$BatteryChargingProxy"
196-->[androidx.work:work-runtime:2.9.0] AndroidManifest.xml:68:13-106
197            android:directBootAware="false"
197-->[androidx.work:work-runtime:2.9.0] AndroidManifest.xml:69:13-44
198            android:enabled="false"
198-->[androidx.work:work-runtime:2.9.0] AndroidManifest.xml:70:13-36
199            android:exported="false" >
199-->[androidx.work:work-runtime:2.9.0] AndroidManifest.xml:71:13-37
200            <intent-filter>
200-->[androidx.work:work-runtime:2.9.0] AndroidManifest.xml:73:13-76:29
201                <action android:name="android.intent.action.ACTION_POWER_CONNECTED" />
201-->[androidx.work:work-runtime:2.9.0] AndroidManifest.xml:74:17-87
201-->[androidx.work:work-runtime:2.9.0] AndroidManifest.xml:74:25-84
202                <action android:name="android.intent.action.ACTION_POWER_DISCONNECTED" />
202-->[androidx.work:work-runtime:2.9.0] AndroidManifest.xml:75:17-90
202-->[androidx.work:work-runtime:2.9.0] AndroidManifest.xml:75:25-87
203            </intent-filter>
204        </receiver>
205        <receiver
205-->[androidx.work:work-runtime:2.9.0] AndroidManifest.xml:78:9-88:20
206            android:name="androidx.work.impl.background.systemalarm.ConstraintProxy$BatteryNotLowProxy"
206-->[androidx.work:work-runtime:2.9.0] AndroidManifest.xml:79:13-104
207            android:directBootAware="false"
207-->[androidx.work:work-runtime:2.9.0] AndroidManifest.xml:80:13-44
208            android:enabled="false"
208-->[androidx.work:work-runtime:2.9.0] AndroidManifest.xml:81:13-36
209            android:exported="false" >
209-->[androidx.work:work-runtime:2.9.0] AndroidManifest.xml:82:13-37
210            <intent-filter>
210-->[androidx.work:work-runtime:2.9.0] AndroidManifest.xml:84:13-87:29
211                <action android:name="android.intent.action.BATTERY_OKAY" />
211-->[androidx.work:work-runtime:2.9.0] AndroidManifest.xml:85:17-77
211-->[androidx.work:work-runtime:2.9.0] AndroidManifest.xml:85:25-74
212                <action android:name="android.intent.action.BATTERY_LOW" />
212-->[androidx.work:work-runtime:2.9.0] AndroidManifest.xml:86:17-76
212-->[androidx.work:work-runtime:2.9.0] AndroidManifest.xml:86:25-73
213            </intent-filter>
214        </receiver>
215        <receiver
215-->[androidx.work:work-runtime:2.9.0] AndroidManifest.xml:89:9-99:20
216            android:name="androidx.work.impl.background.systemalarm.ConstraintProxy$StorageNotLowProxy"
216-->[androidx.work:work-runtime:2.9.0] AndroidManifest.xml:90:13-104
217            android:directBootAware="false"
217-->[androidx.work:work-runtime:2.9.0] AndroidManifest.xml:91:13-44
218            android:enabled="false"
218-->[androidx.work:work-runtime:2.9.0] AndroidManifest.xml:92:13-36
219            android:exported="false" >
219-->[androidx.work:work-runtime:2.9.0] AndroidManifest.xml:93:13-37
220            <intent-filter>
220-->[androidx.work:work-runtime:2.9.0] AndroidManifest.xml:95:13-98:29
221                <action android:name="android.intent.action.DEVICE_STORAGE_LOW" />
221-->[androidx.work:work-runtime:2.9.0] AndroidManifest.xml:96:17-83
221-->[androidx.work:work-runtime:2.9.0] AndroidManifest.xml:96:25-80
222                <action android:name="android.intent.action.DEVICE_STORAGE_OK" />
222-->[androidx.work:work-runtime:2.9.0] AndroidManifest.xml:97:17-82
222-->[androidx.work:work-runtime:2.9.0] AndroidManifest.xml:97:25-79
223            </intent-filter>
224        </receiver>
225        <receiver
225-->[androidx.work:work-runtime:2.9.0] AndroidManifest.xml:100:9-109:20
226            android:name="androidx.work.impl.background.systemalarm.ConstraintProxy$NetworkStateProxy"
226-->[androidx.work:work-runtime:2.9.0] AndroidManifest.xml:101:13-103
227            android:directBootAware="false"
227-->[androidx.work:work-runtime:2.9.0] AndroidManifest.xml:102:13-44
228            android:enabled="false"
228-->[androidx.work:work-runtime:2.9.0] AndroidManifest.xml:103:13-36
229            android:exported="false" >
229-->[androidx.work:work-runtime:2.9.0] AndroidManifest.xml:104:13-37
230            <intent-filter>
230-->[androidx.work:work-runtime:2.9.0] AndroidManifest.xml:106:13-108:29
231                <action android:name="android.net.conn.CONNECTIVITY_CHANGE" />
231-->[androidx.work:work-runtime:2.9.0] AndroidManifest.xml:107:17-79
231-->[androidx.work:work-runtime:2.9.0] AndroidManifest.xml:107:25-76
232            </intent-filter>
233        </receiver>
234        <receiver
234-->[androidx.work:work-runtime:2.9.0] AndroidManifest.xml:110:9-121:20
235            android:name="androidx.work.impl.background.systemalarm.RescheduleReceiver"
235-->[androidx.work:work-runtime:2.9.0] AndroidManifest.xml:111:13-88
236            android:directBootAware="false"
236-->[androidx.work:work-runtime:2.9.0] AndroidManifest.xml:112:13-44
237            android:enabled="false"
237-->[androidx.work:work-runtime:2.9.0] AndroidManifest.xml:113:13-36
238            android:exported="false" >
238-->[androidx.work:work-runtime:2.9.0] AndroidManifest.xml:114:13-37
239            <intent-filter>
239-->[androidx.work:work-runtime:2.9.0] AndroidManifest.xml:116:13-120:29
240                <action android:name="android.intent.action.BOOT_COMPLETED" />
240-->src/main/AndroidManifest.xml:116:17-79
240-->src/main/AndroidManifest.xml:116:25-76
241                <action android:name="android.intent.action.TIME_SET" />
241-->[androidx.work:work-runtime:2.9.0] AndroidManifest.xml:118:17-73
241-->[androidx.work:work-runtime:2.9.0] AndroidManifest.xml:118:25-70
242                <action android:name="android.intent.action.TIMEZONE_CHANGED" />
242-->[androidx.work:work-runtime:2.9.0] AndroidManifest.xml:119:17-81
242-->[androidx.work:work-runtime:2.9.0] AndroidManifest.xml:119:25-78
243            </intent-filter>
244        </receiver>
245        <receiver
245-->[androidx.work:work-runtime:2.9.0] AndroidManifest.xml:122:9-131:20
246            android:name="androidx.work.impl.background.systemalarm.ConstraintProxyUpdateReceiver"
246-->[androidx.work:work-runtime:2.9.0] AndroidManifest.xml:123:13-99
247            android:directBootAware="false"
247-->[androidx.work:work-runtime:2.9.0] AndroidManifest.xml:124:13-44
248            android:enabled="@bool/enable_system_alarm_service_default"
248-->[androidx.work:work-runtime:2.9.0] AndroidManifest.xml:125:13-72
249            android:exported="false" >
249-->[androidx.work:work-runtime:2.9.0] AndroidManifest.xml:126:13-37
250            <intent-filter>
250-->[androidx.work:work-runtime:2.9.0] AndroidManifest.xml:128:13-130:29
251                <action android:name="androidx.work.impl.background.systemalarm.UpdateProxies" />
251-->[androidx.work:work-runtime:2.9.0] AndroidManifest.xml:129:17-98
251-->[androidx.work:work-runtime:2.9.0] AndroidManifest.xml:129:25-95
252            </intent-filter>
253        </receiver>
254        <receiver
254-->[androidx.work:work-runtime:2.9.0] AndroidManifest.xml:132:9-142:20
255            android:name="androidx.work.impl.diagnostics.DiagnosticsReceiver"
255-->[androidx.work:work-runtime:2.9.0] AndroidManifest.xml:133:13-78
256            android:directBootAware="false"
256-->[androidx.work:work-runtime:2.9.0] AndroidManifest.xml:134:13-44
257            android:enabled="true"
257-->[androidx.work:work-runtime:2.9.0] AndroidManifest.xml:135:13-35
258            android:exported="true"
258-->[androidx.work:work-runtime:2.9.0] AndroidManifest.xml:136:13-36
259            android:permission="android.permission.DUMP" >
259-->[androidx.work:work-runtime:2.9.0] AndroidManifest.xml:137:13-57
260            <intent-filter>
260-->[androidx.work:work-runtime:2.9.0] AndroidManifest.xml:139:13-141:29
261                <action android:name="androidx.work.diagnostics.REQUEST_DIAGNOSTICS" />
261-->[androidx.work:work-runtime:2.9.0] AndroidManifest.xml:140:17-88
261-->[androidx.work:work-runtime:2.9.0] AndroidManifest.xml:140:25-85
262            </intent-filter>
263        </receiver>
264
265        <service
265-->[androidx.room:room-runtime:2.6.1] AndroidManifest.xml:24:9-28:63
266            android:name="androidx.room.MultiInstanceInvalidationService"
266-->[androidx.room:room-runtime:2.6.1] AndroidManifest.xml:25:13-74
267            android:directBootAware="true"
267-->[androidx.room:room-runtime:2.6.1] AndroidManifest.xml:26:13-43
268            android:exported="false" />
268-->[androidx.room:room-runtime:2.6.1] AndroidManifest.xml:27:13-37
269
270        <receiver
270-->[androidx.profileinstaller:profileinstaller:1.3.0] AndroidManifest.xml:34:9-52:20
271            android:name="androidx.profileinstaller.ProfileInstallReceiver"
271-->[androidx.profileinstaller:profileinstaller:1.3.0] AndroidManifest.xml:35:13-76
272            android:directBootAware="false"
272-->[androidx.profileinstaller:profileinstaller:1.3.0] AndroidManifest.xml:36:13-44
273            android:enabled="true"
273-->[androidx.profileinstaller:profileinstaller:1.3.0] AndroidManifest.xml:37:13-35
274            android:exported="true"
274-->[androidx.profileinstaller:profileinstaller:1.3.0] AndroidManifest.xml:38:13-36
275            android:permission="android.permission.DUMP" >
275-->[androidx.profileinstaller:profileinstaller:1.3.0] AndroidManifest.xml:39:13-57
276            <intent-filter>
276-->[androidx.profileinstaller:profileinstaller:1.3.0] AndroidManifest.xml:40:13-42:29
277                <action android:name="androidx.profileinstaller.action.INSTALL_PROFILE" />
277-->[androidx.profileinstaller:profileinstaller:1.3.0] AndroidManifest.xml:41:17-91
277-->[androidx.profileinstaller:profileinstaller:1.3.0] AndroidManifest.xml:41:25-88
278            </intent-filter>
279            <intent-filter>
279-->[androidx.profileinstaller:profileinstaller:1.3.0] AndroidManifest.xml:43:13-45:29
280                <action android:name="androidx.profileinstaller.action.SKIP_FILE" />
280-->[androidx.profileinstaller:profileinstaller:1.3.0] AndroidManifest.xml:44:17-85
280-->[androidx.profileinstaller:profileinstaller:1.3.0] AndroidManifest.xml:44:25-82
281            </intent-filter>
282            <intent-filter>
282-->[androidx.profileinstaller:profileinstaller:1.3.0] AndroidManifest.xml:46:13-48:29
283                <action android:name="androidx.profileinstaller.action.SAVE_PROFILE" />
283-->[androidx.profileinstaller:profileinstaller:1.3.0] AndroidManifest.xml:47:17-88
283-->[androidx.profileinstaller:profileinstaller:1.3.0] AndroidManifest.xml:47:25-85
284            </intent-filter>
285            <intent-filter>
285-->[androidx.profileinstaller:profileinstaller:1.3.0] AndroidManifest.xml:49:13-51:29
286                <action android:name="androidx.profileinstaller.action.BENCHMARK_OPERATION" />
286-->[androidx.profileinstaller:profileinstaller:1.3.0] AndroidManifest.xml:50:17-95
286-->[androidx.profileinstaller:profileinstaller:1.3.0] AndroidManifest.xml:50:25-92
287            </intent-filter>
288        </receiver>
289    </application>
290
291</manifest>